<?xml version="1.0" encoding="UTF-8" ?>
<testsuite failures="0" time="0.014" errors="0" skipped="0" tests="1" name="org.omidbiz.component.JSFComponentTest">
  <properties>
    <property name="java.runtime.name" value="Java(TM) SE Runtime Environment"/>
    <property name="sun.boot.library.path" value="/opt/jdk1.6.0_38/jre/lib/amd64"/>
    <property name="java.vm.version" value="20.13-b02"/>
    <property name="java.vm.vendor" value="Sun Microsystems Inc."/>
    <property name="java.vendor.url" value="http://java.sun.com/"/>
    <property name="path.separator" value=":"/>
    <property name="java.vm.name" value="Java HotSpot(TM) 64-Bit Server VM"/>
    <property name="file.encoding.pkg" value="sun.io"/>
    <property name="user.country" value="US"/>
    <property name="sun.java.launcher" value="SUN_STANDARD"/>
    <property name="sun.os.patch.level" value="unknown"/>
    <property name="java.vm.specification.name" value="Java Virtual Machine Specification"/>
    <property name="user.dir" value="/home/omidbiz/projects/opensource/omidbizComponents/persianCalendar"/>
    <property name="java.runtime.version" value="1.6.0_38-ea-b04"/>
    <property name="java.awt.graphicsenv" value="sun.awt.X11GraphicsEnvironment"/>
    <property name="basedir" value="/home/omidbiz/projects/opensource/omidbizComponents/persianCalendar"/>
    <property name="java.endorsed.dirs" value="/opt/jdk1.6.0_38/jre/lib/endorsed"/>
    <property name="os.arch" value="amd64"/>
    <property name="surefire.real.class.path" value="/home/omidbiz/projects/opensource/omidbizComponents/persianCalendar/target/surefire/surefirebooter8733308732061953084.jar"/>
    <property name="java.io.tmpdir" value="/tmp"/>
    <property name="line.separator" value="
"/>
    <property name="java.vm.specification.vendor" value="Sun Microsystems Inc."/>
    <property name="os.name" value="Linux"/>
    <property name="sun.jnu.encoding" value="UTF-8"/>
    <property name="java.library.path" value="/opt/jdk1.6.0_38/jre/lib/amd64/server:/opt/jdk1.6.0_38/jre/lib/amd64:/opt/jdk1.6.0_38/jre/../lib/amd64:/usr/java/packages/lib/amd64:/usr/lib64:/lib64:/lib:/usr/lib"/>
    <property name="surefire.test.class.path" value="/home/omidbiz/projects/opensource/omidbizComponents/persianCalendar/target/test-classes:/home/omidbiz/projects/opensource/omidbizComponents/persianCalendar/target/classes:/home/omidbiz/.m2/repository/junit/junit/3.8.1/junit-3.8.1.jar:/home/omidbiz/.m2/repository/org/richfaces/framework/richfaces-impl/3.3.1.GA/richfaces-impl-3.3.1.GA.jar:/home/omidbiz/.m2/repository/commons-digester/commons-digester/1.8.1/commons-digester-1.8.1.jar:/home/omidbiz/.m2/repository/commons-beanutils/commons-beanutils/1.8.0/commons-beanutils-1.8.0.jar:/home/omidbiz/.m2/repository/org/richfaces/framework/richfaces-api/3.3.1.GA/richfaces-api-3.3.1.GA.jar:/home/omidbiz/.m2/repository/commons-collections/commons-collections/3.2/commons-collections-3.2.jar:/home/omidbiz/.m2/repository/commons-logging/commons-logging/1.0.4/commons-logging-1.0.4.jar:/home/omidbiz/.m2/repository/org/apache/tomcat/el-api/6.0.33/el-api-6.0.33.jar:/home/omidbiz/.m2/repository/javax/servlet/servlet-api/2.4/servlet-api-2.4.jar:/home/omidbiz/.m2/repository/javax/servlet/jsp-api/2.0/jsp-api-2.0.jar:/home/omidbiz/.m2/repository/javax/servlet/jsp/jsp-api/2.1/jsp-api-2.1.jar:/home/omidbiz/.m2/repository/javax/faces/jsf-api/1.2_12/jsf-api-1.2_12.jar:/home/omidbiz/.m2/repository/javax/faces/jsf-impl/1.2_12/jsf-impl-1.2_12.jar:/home/omidbiz/.m2/repository/javax/el/el-api/1.0/el-api-1.0.jar:/home/omidbiz/.m2/repository/el-impl/el-impl/1.0/el-impl-1.0.jar:/home/omidbiz/.m2/repository/javax/annotation/jsr250-api/1.0/jsr250-api-1.0.jar:/home/omidbiz/.m2/repository/org/richfaces/ui/richfaces-ui/3.3.1.GA/richfaces-ui-3.3.1.GA.jar:"/>
    <property name="java.specification.name" value="Java Platform API Specification"/>
    <property name="java.class.version" value="50.0"/>
    <property name="sun.management.compiler" value="HotSpot 64-Bit Tiered Compilers"/>
    <property name="os.version" value="3.12.6-300.fc20.x86_64"/>
    <property name="user.home" value="/home/omidbiz"/>
    <property name="user.timezone" value=""/>
    <property name="java.awt.printerjob" value="sun.print.PSPrinterJob"/>
    <property name="file.encoding" value="UTF-8"/>
    <property name="java.specification.version" value="1.6"/>
    <property name="user.name" value="omidbiz"/>
    <property name="java.class.path" value="/home/omidbiz/projects/opensource/omidbizComponents/persianCalendar/target/test-classes:/home/omidbiz/projects/opensource/omidbizComponents/persianCalendar/target/classes:/home/omidbiz/.m2/repository/junit/junit/3.8.1/junit-3.8.1.jar:/home/omidbiz/.m2/repository/org/richfaces/framework/richfaces-impl/3.3.1.GA/richfaces-impl-3.3.1.GA.jar:/home/omidbiz/.m2/repository/commons-digester/commons-digester/1.8.1/commons-digester-1.8.1.jar:/home/omidbiz/.m2/repository/commons-beanutils/commons-beanutils/1.8.0/commons-beanutils-1.8.0.jar:/home/omidbiz/.m2/repository/org/richfaces/framework/richfaces-api/3.3.1.GA/richfaces-api-3.3.1.GA.jar:/home/omidbiz/.m2/repository/commons-collections/commons-collections/3.2/commons-collections-3.2.jar:/home/omidbiz/.m2/repository/commons-logging/commons-logging/1.0.4/commons-logging-1.0.4.jar:/home/omidbiz/.m2/repository/org/apache/tomcat/el-api/6.0.33/el-api-6.0.33.jar:/home/omidbiz/.m2/repository/javax/servlet/servlet-api/2.4/servlet-api-2.4.jar:/home/omidbiz/.m2/repository/javax/servlet/jsp-api/2.0/jsp-api-2.0.jar:/home/omidbiz/.m2/repository/javax/servlet/jsp/jsp-api/2.1/jsp-api-2.1.jar:/home/omidbiz/.m2/repository/javax/faces/jsf-api/1.2_12/jsf-api-1.2_12.jar:/home/omidbiz/.m2/repository/javax/faces/jsf-impl/1.2_12/jsf-impl-1.2_12.jar:/home/omidbiz/.m2/repository/javax/el/el-api/1.0/el-api-1.0.jar:/home/omidbiz/.m2/repository/el-impl/el-impl/1.0/el-impl-1.0.jar:/home/omidbiz/.m2/repository/javax/annotation/jsr250-api/1.0/jsr250-api-1.0.jar:/home/omidbiz/.m2/repository/org/richfaces/ui/richfaces-ui/3.3.1.GA/richfaces-ui-3.3.1.GA.jar:"/>
    <property name="java.vm.specification.version" value="1.0"/>
    <property name="sun.arch.data.model" value="64"/>
    <property name="java.home" value="/opt/jdk1.6.0_38/jre"/>
    <property name="sun.java.command" value="/home/omidbiz/projects/opensource/omidbizComponents/persianCalendar/target/surefire/surefirebooter8733308732061953084.jar /home/omidbiz/projects/opensource/omidbizComponents/persianCalendar/target/surefire/surefire2980998033617683560tmp /home/omidbiz/projects/opensource/omidbizComponents/persianCalendar/target/surefire/surefire9179455806859478683tmp"/>
    <property name="java.specification.vendor" value="Sun Microsystems Inc."/>
    <property name="user.language" value="en"/>
    <property name="java.vm.info" value="mixed mode"/>
    <property name="java.version" value="1.6.0_38-ea"/>
    <property name="java.ext.dirs" value="/opt/jdk1.6.0_38/jre/lib/ext:/usr/java/packages/lib/ext"/>
    <property name="sun.boot.class.path" value="/opt/jdk1.6.0_38/jre/lib/resources.jar:/opt/jdk1.6.0_38/jre/lib/rt.jar:/opt/jdk1.6.0_38/jre/lib/sunrsasign.jar:/opt/jdk1.6.0_38/jre/lib/jsse.jar:/opt/jdk1.6.0_38/jre/lib/jce.jar:/opt/jdk1.6.0_38/jre/lib/charsets.jar:/opt/jdk1.6.0_38/jre/lib/modules/jdk.boot.jar:/opt/jdk1.6.0_38/jre/classes"/>
    <property name="java.vendor" value="Sun Microsystems Inc."/>
    <property name="localRepository" value="/home/omidbiz/.m2/repository"/>
    <property name="file.separator" value="/"/>
    <property name="java.vendor.url.bug" value="http://java.sun.com/cgi-bin/bugreport.cgi"/>
    <property name="sun.cpu.endian" value="little"/>
    <property name="sun.io.unicode.encoding" value="UnicodeLittle"/>
    <property name="sun.cpu.isalist" value=""/>
  </properties>
  <testcase time="0.001" classname="org.omidbiz.component.JSFComponentTest" name="testComponent"/>
</testsuite>